<?xml version="1.0" encoding="UTF-8"?>
<!-- Generated by org.testng.reporters.JUnitReportReporter -->
<testsuite hostname="LAPTOP-0I2FV75B" failures="0" tests="3" name="testNG.SuiteExample" time="7.987" errors="0" timestamp="2021-12-26T12:56:48 IST" skipped="0">
  <testcase classname="testNG.SuiteExample" name="openGoogle" time="1.629"/>
  <system-out/>
  <testcase classname="testNG.SuiteExample" name="openTwitter" time="2.619"/>
  <system-out/>
  <testcase classname="testNG.SuiteExample" name="openFacebook" time="3.739"/>
  <system-out/>
</testsuite> <!-- testNG.SuiteExample -->
