<?xml version="1.0" encoding="UTF-8"?>
<!-- Generated by org.testng.reporters.JUnitReportReporter -->
<testsuite hostname="LAPTOP-0I2FV75B" failures="0" tests="4" name="dploginTestCase.LoginDataProvider" time="79.383" errors="0" timestamp="2022-01-03T23:13:17 IST" skipped="0">
  <testcase classname="dploginTestCase.LoginDataProvider" name="loginWithDifferentData" time="27.481"/>
  <system-out/>
  <testcase classname="dploginTestCase.LoginDataProvider" name="loginWithDifferentData" time="12.899"/>
  <system-out/>
  <testcase classname="dploginTestCase.LoginDataProvider" name="loginWithDifferentData" time="13.526"/>
  <system-out/>
  <testcase classname="dploginTestCase.LoginDataProvider" name="loginWithDifferentData" time="25.477"/>
  <system-out/>
</testsuite> <!-- dploginTestCase.LoginDataProvider -->
