<?xml version="1.0" encoding="UTF-8"?>
<!-- Generated by org.testng.reporters.JUnitReportReporter -->
<testsuite hostname="LAPTOP-0I2FV75B" failures="0" tests="1" name="loginTestCases.CorrectPassword" time="9.832" errors="0" timestamp="2022-01-01T19:19:51 IST" skipped="0">
  <testcase classname="loginTestCases.CorrectPassword" name="loginWithCrctPassword" time="9.832"/>
  <system-out/>
</testsuite> <!-- loginTestCases.CorrectPassword -->
