<?xml version="1.0" encoding="UTF-8"?>
<!-- Generated by org.testng.reporters.JUnitReportReporter -->
<testsuite hostname="LAPTOP-0I2FV75B" failures="0" tests="2" name="testNG.AssertionExample" time="0.026" errors="0" timestamp="2021-12-27T00:08:49 IST" skipped="0">
  <testcase classname="testNG.AssertionExample" name="checkName" time="0.003"/>
  <system-out/>
  <testcase classname="testNG.AssertionExample" name="checkBooleanValue" time="0.023"/>
  <system-out/>
</testsuite> <!-- testNG.AssertionExample -->
