<?xml version="1.0" encoding="UTF-8"?>
<!-- Generated by org.testng.reporters.JUnitReportReporter -->
<testsuite hostname="LAPTOP-0I2FV75B" failures="0" tests="1" name="testNG.ParameterizationExample" time="0.019" errors="0" timestamp="2021-12-26T23:35:20 IST" skipped="0">
  <testcase classname="testNG.ParameterizationExample" name="nameDisp" time="0.019"/>
  <system-out/>
</testsuite> <!-- testNG.ParameterizationExample -->
