<?xml version="1.0" encoding="UTF-8"?>
<!-- Generated by org.testng.reporters.JUnitReportReporter -->
<testsuite hostname="LAPTOP-0I2FV75B" failures="0" tests="2" name="testNG.ParallelTesting" time="16.664" errors="0" timestamp="2021-12-26T23:55:47 IST" skipped="0">
  <testcase classname="testNG.ParallelTesting" name="openGoogle" time="7.996"/>
  <system-out/>
  <testcase classname="testNG.ParallelTesting" name="openFacebook" time="8.668"/>
  <system-out/>
</testsuite> <!-- testNG.ParallelTesting -->
