<?xml version="1.0" encoding="UTF-8"?>
<!-- Generated by org.testng.reporters.JUnitReportReporter -->
<testsuite hostname="LAPTOP-0I2FV75B" failures="0" tests="4" name="dataPassingUsingJXL.ExcelReadUsingJXL" time="62.377" errors="0" timestamp="2022-01-05T23:32:44 IST" skipped="0">
  <testcase classname="dataPassingUsingJXL.ExcelReadUsingJXL" name="loginWithDifferentData" time="11.233"/>
  <system-out/>
  <testcase classname="dataPassingUsingJXL.ExcelReadUsingJXL" name="loginWithDifferentData" time="12.080"/>
  <system-out/>
  <testcase classname="dataPassingUsingJXL.ExcelReadUsingJXL" name="loginWithDifferentData" time="14.988"/>
  <system-out/>
  <testcase classname="dataPassingUsingJXL.ExcelReadUsingJXL" name="loginWithDifferentData" time="24.076"/>
  <system-out/>
</testsuite> <!-- dataPassingUsingJXL.ExcelReadUsingJXL -->
