<?xml version="1.0" encoding="UTF-8"?>
<!-- Generated by org.testng.reporters.JUnitReportReporter -->
<testsuite hostname="LAPTOP-0I2FV75B" failures="0" tests="1" name="loginTestCases.BothIncorrect" time="9.831" errors="0" timestamp="2022-01-01T19:19:51 IST" skipped="0">
  <testcase classname="loginTestCases.BothIncorrect" name="loginWithInCrctUsernameInCrctPassword" time="9.831"/>
  <system-out/>
</testsuite> <!-- loginTestCases.BothIncorrect -->
