<?xml version="1.0" encoding="UTF-8"?>
<!-- Generated by org.testng.reporters.JUnitReportReporter -->
<testsuite hostname="LAPTOP-0I2FV75B" failures="0" tests="3" name="testNG.SampleTestCase" time="0.007" errors="0" timestamp="2021-12-26T14:04:55 IST" skipped="0">
  <testcase classname="testNG.SampleTestCase" name="thirdTestCase" time="0.003"/>
  <system-out/>
  <testcase classname="testNG.SampleTestCase" name="firstTestCase" time="0.002"/>
  <system-out/>
  <testcase classname="testNG.SampleTestCase" name="secondTestCase" time="0.002"/>
  <system-out/>
</testsuite> <!-- testNG.SampleTestCase -->
