<?xml version="1.0" encoding="UTF-8"?>
<!-- Generated by org.testng.reporters.JUnitReportReporter -->
<testsuite hostname="LAPTOP-0I2FV75B" failures="0" tests="7" name="testNG.DriveCarPriorityLearning" time="0.033" errors="0" timestamp="2021-12-26T14:04:55 IST" skipped="0">
  <testcase classname="testNG.DriveCarPriorityLearning" name="driveCar" time="0.018"/>
  <system-out/>
  <testcase classname="testNG.DriveCarPriorityLearning" name="putFirstGear" time="0.003"/>
  <system-out/>
  <testcase classname="testNG.DriveCarPriorityLearning" name="putSecondGear" time="0.002"/>
  <system-out/>
  <testcase classname="testNG.DriveCarPriorityLearning" name="putThirdGear" time="0.002"/>
  <system-out/>
  <testcase classname="testNG.DriveCarPriorityLearning" name="applyBreak" time="0.003"/>
  <system-out/>
  <testcase classname="testNG.DriveCarPriorityLearning" name="putNeutralGear" time="0.003"/>
  <system-out/>
  <testcase classname="testNG.DriveCarPriorityLearning" name="stopCar" time="0.002"/>
  <system-out/>
</testsuite> <!-- testNG.DriveCarPriorityLearning -->
