<?xml version="1.0" encoding="UTF-8"?>
<!-- Generated by org.testng.reporters.JUnitReportReporter -->
<testsuite hostname="LAPTOP-0I2FV75B" failures="0" tests="8" name="testNG.SkipTestCase" time="0.014" errors="0" timestamp="2021-12-26T14:04:55 IST" skipped="1">
  <testcase classname="testNG.SkipTestCase" name="driveCar" time="0.002"/>
  <system-out/>
  <testcase classname="testNG.SkipTestCase" name="putFirstGear" time="0.002"/>
  <system-out/>
  <testcase classname="testNG.SkipTestCase" name="putSecondGear" time="0.002"/>
  <system-out/>
  <testcase classname="testNG.SkipTestCase" name="putThirdGear" time="0.002"/>
  <system-out/>
  <testcase classname="testNG.SkipTestCase" name="applyBreak" time="0.002"/>
  <system-out/>
  <testcase classname="testNG.SkipTestCase" name="putNeutralGear" time="0.002"/>
  <system-out/>
  <testcase classname="testNG.SkipTestCase" name="stopCar" time="0.002"/>
  <system-out/>
  <testcase classname="testNG.SkipTestCase" name="turnMusicOn">
    <skipped/>
  </testcase> <!-- turnMusicOn -->
  <system-out/>
</testsuite> <!-- testNG.SkipTestCase -->
