<?xml version="1.0" encoding="UTF-8"?>
<!-- Generated by org.testng.reporters.JUnitReportReporter -->
<testsuite hostname="LAPTOP-0I2FV75B" failures="0" tests="1" name="loginTestCases.CorrectUsername" time="11.142" errors="0" timestamp="2022-01-01T19:19:51 IST" skipped="0">
  <testcase classname="loginTestCases.CorrectUsername" name="loginWithCrctUsername" time="11.142"/>
  <system-out/>
</testsuite> <!-- loginTestCases.CorrectUsername -->
