<?xml version="1.0" encoding="UTF-8"?>
<!-- Generated by org.testng.reporters.JUnitReportReporter -->
<testsuite hostname="LAPTOP-0I2FV75B" failures="0" tests="3" name="testNG.LearningDependency" time="0.006" errors="0" timestamp="2021-12-26T14:04:55 IST" skipped="0">
  <testcase classname="testNG.LearningDependency" name="learnDriving" time="0.002"/>
  <system-out/>
  <testcase classname="testNG.LearningDependency" name="applyLicense" time="0.002"/>
  <system-out/>
  <testcase classname="testNG.LearningDependency" name="driveVehicle" time="0.002"/>
  <system-out/>
</testsuite> <!-- testNG.LearningDependency -->
