<?xml version="1.0" encoding="UTF-8"?>
<!-- Generated by org.testng.reporters.JUnitReportReporter -->
<testsuite hostname="LAPTOP-0I2FV75B" failures="0" tests="2" name="testNG.GroupingExample" time="0.018" errors="0" timestamp="2021-12-26T23:09:04 IST" skipped="0">
  <testcase classname="testNG.GroupingExample" name="Apple1" time="0.017"/>
  <system-out/>
  <testcase classname="testNG.GroupingExample" name="Apple2" time="0.001"/>
  <system-out/>
</testsuite> <!-- testNG.GroupingExample -->
